0 info it worked if it ends with ok
1 verbose cli [ '/usr/local/bin/node', '/usr/local/bin/npm', 'start' ]
2 info using npm@3.8.3
3 info using node@v5.10.1
4 verbose run-script [ 'prestart', 'start', 'poststart' ]
5 info lifecycle riot-todo@0.1.5~prestart: riot-todo@0.1.5
6 silly lifecycle riot-todo@0.1.5~prestart: no script for prestart, continuing
7 info lifecycle riot-todo@0.1.5~start: riot-todo@0.1.5
8 verbose lifecycle riot-todo@0.1.5~start: unsafe-perm in lifecycle true
9 verbose lifecycle riot-todo@0.1.5~start: PATH: /usr/local/lib/node_modules/npm/bin/node-gyp-bin:/Users/clarejacky/Documents/practice /riot_webpack /riot-todo/node_modules/.bin:/usr/local/bin:/usr/local/bin:/usr/bin:/bin:/usr/sbin:/sbin
10 verbose lifecycle riot-todo@0.1.5~start: CWD: /Users/clarejacky/Documents/practice /riot_webpack /riot-todo
11 silly lifecycle riot-todo@0.1.5~start: Args: [ '-c',
11 silly lifecycle   'webpack-dev-server --progress --colors --content-base build' ]
12 silly lifecycle riot-todo@0.1.5~start: Returned: code: 1  signal: null
13 info lifecycle riot-todo@0.1.5~start: Failed to exec start script
14 verbose stack Error: riot-todo@0.1.5 start: `webpack-dev-server --progress --colors --content-base build`
14 verbose stack Exit status 1
14 verbose stack     at EventEmitter.<anonymous> (/usr/local/lib/node_modules/npm/lib/utils/lifecycle.js:239:16)
14 verbose stack     at emitTwo (events.js:100:13)
14 verbose stack     at EventEmitter.emit (events.js:185:7)
14 verbose stack     at ChildProcess.<anonymous> (/usr/local/lib/node_modules/npm/lib/utils/spawn.js:24:14)
14 verbose stack     at emitTwo (events.js:100:13)
14 verbose stack     at ChildProcess.emit (events.js:185:7)
14 verbose stack     at maybeClose (internal/child_process.js:850:16)
14 verbose stack     at Process.ChildProcess._handle.onexit (internal/child_process.js:215:5)
15 verbose pkgid riot-todo@0.1.5
16 verbose cwd /Users/clarejacky/Documents/practice /riot_webpack /riot-todo
17 error Darwin 15.6.0
18 error argv "/usr/local/bin/node" "/usr/local/bin/npm" "start"
19 error node v5.10.1
20 error npm  v3.8.3
21 error code ELIFECYCLE
22 error riot-todo@0.1.5 start: `webpack-dev-server --progress --colors --content-base build`
22 error Exit status 1
23 error Failed at the riot-todo@0.1.5 start script 'webpack-dev-server --progress --colors --content-base build'.
23 error Make sure you have the latest version of node.js and npm installed.
23 error If you do, this is most likely a problem with the riot-todo package,
23 error not with npm itself.
23 error Tell the author that this fails on your system:
23 error     webpack-dev-server --progress --colors --content-base build
23 error You can get information on how to open an issue for this project with:
23 error     npm bugs riot-todo
23 error Or if that isn't available, you can get their info via:
23 error     npm owner ls riot-todo
23 error There is likely additional logging output above.
24 verbose exit [ 1, true ]
